This file contains any messages produced by compilers while
running configure, to aid debugging if configure makes a mistake.

It was created by opentsdb configure 2.1.0, which was
generated by GNU Autoconf 2.63.  Invocation command line was

  $ ../configure pom.xm

## --------- ##
## Platform. ##
## --------- ##

hostname = iZ25jtd9ovlZ
uname -m = x86_64
uname -r = 2.6.32-431.23.3.el6.x86_64
uname -s = Linux
uname -v = #1 SMP Thu Jul 31 17:20:51 UTC 2014

/usr/bin/uname -p = unknown
/bin/uname -X     = unknown

/bin/arch              = x86_64
/usr/bin/arch -k       = unknown
/usr/convex/getsysinfo = unknown
/usr/bin/hostinfo      = unknown
/bin/machine           = unknown
/usr/bin/oslevel       = unknown
/bin/universe          = unknown

PATH: /java/apache-maven-3.2.5/bin
PATH: /app/mongodb/mongodb-linux-x86_64-3.0.0/bin
PATH: /app/node-v0.12.0-linux-x64/bin
PATH: /java/apache-maven-3.2.5/bin
PATH: /app/mongodb/mongodb-linux-x86_64-3.0.0/bin
PATH: /app/node-v0.12.0-linux-x64/bin
PATH: /app/mongodb/mongodb-linux-x86_64-3.0.0/bin
PATH: /app/node-v0.12.0-linux-x64/bin
PATH: /usr/local/sbin
PATH: /usr/local/bin
PATH: /sbin
PATH: /bin
PATH: /usr/sbin
PATH: /usr/bin
PATH: /root/bin


## ----------- ##
## Core tests. ##
## ----------- ##

configure:1795: checking for a BSD-compatible install
configure:1863: result: /usr/bin/install -c
configure:1874: checking whether build environment is sane
configure:1934: result: yes
configure:2075: checking for a thread-safe mkdir -p
configure:2114: result: /bin/mkdir -p
configure:2127: checking for gawk
configure:2143: found /bin/gawk
configure:2154: result: gawk
configure:2165: checking whether make sets $(MAKE)
configure:2187: result: yes
configure:2281: checking for md5sum
configure:2299: found /usr/bin/md5sum
configure:2311: result: /usr/bin/md5sum
configure:2335: checking for java
configure:2353: found /usr/bin/java
configure:2365: result: /usr/bin/java
configure:2386: checking for javac
configure:2404: found /usr/bin/javac
configure:2416: result: /usr/bin/javac
configure:2437: checking for jar
configure:2455: found /usr/bin/jar
configure:2467: result: /usr/bin/jar
configure:2490: checking for true
configure:2508: found /bin/true
configure:2520: result: /bin/true
configure:2539: checking for javadoc
configure:2557: found /usr/bin/javadoc
configure:2569: result: /usr/bin/javadoc
configure:2584: checking for wget
configure:2602: found /usr/bin/wget
configure:2614: result: /usr/bin/wget
configure:2624: checking for curl
configure:2642: found /usr/bin/curl
configure:2654: result: /usr/bin/curl
configure:2811: creating ./config.status

## ---------------------- ##
## Running config.status. ##
## ---------------------- ##

This file was extended by opentsdb config.status 2.1.0, which was
generated by GNU Autoconf 2.63.  Invocation command line was

  CONFIG_FILES    = 
  CONFIG_HEADERS  = 
  CONFIG_LINKS    = 
  CONFIG_COMMANDS = 
  $ ./config.status 

on iZ25jtd9ovlZ

config.status:671: creating Makefile
config.status:671: creating opentsdb.spec
config.status:671: creating build-aux/fetchdep.sh

## ---------------- ##
## Cache variables. ##
## ---------------- ##

ac_cv_env_build_alias_set=set
ac_cv_env_build_alias_value=pom.xm
ac_cv_env_host_alias_set=set
ac_cv_env_host_alias_value=pom.xm
ac_cv_env_target_alias_set=set
ac_cv_env_target_alias_value=pom.xm
ac_cv_path_CURL=/usr/bin/curl
ac_cv_path_GNUPLOT=/bin/true
ac_cv_path_JAR=/usr/bin/jar
ac_cv_path_JAVA=/usr/bin/java
ac_cv_path_JAVAC=/usr/bin/javac
ac_cv_path_JAVADOC=/usr/bin/javadoc
ac_cv_path_MD5=/usr/bin/md5sum
ac_cv_path_WGET=/usr/bin/wget
ac_cv_path_install='/usr/bin/install -c'
ac_cv_path_mkdir=/bin/mkdir
ac_cv_prog_AWK=gawk
ac_cv_prog_make_make_set=yes

## ----------------- ##
## Output variables. ##
## ----------------- ##

ACLOCAL='${SHELL} /tsdb/opentsdb-2.1.0RC1/build-aux/missing --run aclocal-1.11'
AMTAR='${SHELL} /tsdb/opentsdb-2.1.0RC1/build-aux/missing --run tar'
AUTOCONF='${SHELL} /tsdb/opentsdb-2.1.0RC1/build-aux/missing --run autoconf'
AUTOHEADER='${SHELL} /tsdb/opentsdb-2.1.0RC1/build-aux/missing --run autoheader'
AUTOMAKE='${SHELL} /tsdb/opentsdb-2.1.0RC1/build-aux/missing --run automake-1.11'
AWK='gawk'
CURL='/usr/bin/curl'
CYGPATH_W='echo'
DEFS='-DPACKAGE_NAME=\"opentsdb\" -DPACKAGE_TARNAME=\"opentsdb\" -DPACKAGE_VERSION=\"2.1.0\" -DPACKAGE_STRING=\"opentsdb\ 2.1.0\" -DPACKAGE_BUGREPORT=\"opentsdb@googlegroups.com\" -DPACKAGE=\"opentsdb\" -DVERSION=\"2.1.0\"'
ECHO_C=''
ECHO_N='-n'
ECHO_T=''
GNUPLOT='/bin/true'
INSTALL_DATA='${INSTALL} -m 644'
INSTALL_PROGRAM='${INSTALL}'
INSTALL_SCRIPT='${INSTALL}'
INSTALL_STRIP_PROGRAM='$(install_sh) -c -s'
JAR='/usr/bin/jar'
JAVA='/usr/bin/java'
JAVAC='/usr/bin/javac'
JAVADOC='/usr/bin/javadoc'
LIBOBJS=''
LIBS=''
LTLIBOBJS=''
MAKEINFO='${SHELL} /tsdb/opentsdb-2.1.0RC1/build-aux/missing --run makeinfo'
MD5='/usr/bin/md5sum'
MKDIR_P='/bin/mkdir -p'
PACKAGE='opentsdb'
PACKAGE_BUGREPORT='opentsdb@googlegroups.com'
PACKAGE_NAME='opentsdb'
PACKAGE_STRING='opentsdb 2.1.0'
PACKAGE_TARNAME='opentsdb'
PACKAGE_VERSION='2.1.0'
PATH_SEPARATOR=':'
SET_MAKE=''
SHELL='/bin/sh'
STRIP=''
VERSION='2.1.0'
WGET='/usr/bin/wget'
am__isrc=' -I$(srcdir)'
am__leading_dot='.'
am__tar='${AMTAR} chof - "$$tardir"'
am__untar='${AMTAR} xf -'
bindir='${exec_prefix}/bin'
build_alias='pom.xm'
datadir='${datarootdir}'
datarootdir='${prefix}/share'
docdir='${datarootdir}/doc/${PACKAGE_TARNAME}'
dvidir='${docdir}'
exec_prefix='${prefix}'
host_alias='pom.xm'
htmldir='${docdir}'
includedir='${prefix}/include'
infodir='${datarootdir}/info'
install_sh='${SHELL} /tsdb/opentsdb-2.1.0RC1/build-aux/install-sh'
libdir='${exec_prefix}/lib'
libexecdir='${exec_prefix}/libexec'
localedir='${datarootdir}/locale'
localstatedir='${prefix}/var'
mandir='${datarootdir}/man'
mkdir_p='/bin/mkdir -p'
oldincludedir='/usr/include'
pdfdir='${docdir}'
prefix='/usr/local'
program_transform_name='s,x,x,'
psdir='${docdir}'
sbindir='${exec_prefix}/sbin'
sharedstatedir='${prefix}/com'
staticdir='${pkgdatadir}/static'
sysconfdir='${prefix}/etc'
target_alias='pom.xm'

## ----------- ##
## confdefs.h. ##
## ----------- ##

#define PACKAGE_NAME "opentsdb"
#define PACKAGE_TARNAME "opentsdb"
#define PACKAGE_VERSION "2.1.0"
#define PACKAGE_STRING "opentsdb 2.1.0"
#define PACKAGE_BUGREPORT "opentsdb@googlegroups.com"
#define PACKAGE "opentsdb"
#define VERSION "2.1.0"

configure: exit 0
